#
# There is insufficient memory for the Java Runtime Environment to continue.
# Native memory allocation (malloc) failed to allocate 772656 bytes for Chunk::new
# Possible reasons:
#   The system is out of physical RAM or swap space
#   The process is running with CompressedOops enabled, and the Java Heap may be blocking the growth of the native heap
# Possible solutions:
#   Reduce memory load on the system
#   Increase physical memory or swap space
#   Check if swap backing store is full
#   Decrease Java heap size (-Xmx/-Xms)
#   Decrease number of Java threads
#   Decrease Java thread stack sizes (-Xss)
#   Set larger code cache with -XX:ReservedCodeCacheSize=
#   JVM is running with Zero Based Compressed Oops mode in which the Java heap is
#     placed in the first 32GB address space. The Java Heap base address is the
#     maximum limit for the native heap growth. Please use -XX:HeapBaseMinAddress
#     to set the Java Heap base and to place the Java Heap above 32GB virtual address.
# This output file may be truncated or incomplete.
#
#  Out of Memory Error (arena.cpp:189), pid=54932, tid=59052
#
# JRE version: OpenJDK Runtime Environment (17.0.2+8) (build 17.0.2+8-86)
# Java VM: OpenJDK 64-Bit Server VM (17.0.2+8-86, mixed mode, sharing, tiered, compressed oops, compressed class ptrs, g1 gc, windows-amd64)
# No core dump will be written. Minidumps are not enabled by default on client versions of Windows
#

---------------  S U M M A R Y ------------

Command Line: -javaagent:D:\IntelliJ IDEA 2021.1.1\lib\idea_rt.jar=50692:D:\IntelliJ IDEA 2021.1.1\bin -Dfile.encoding=UTF-8 --module-path=D:\FantaBookApp\target\classes;C:\Users\marco\.m2\repository\org\openjfx\javafx-controls\13\javafx-controls-13.jar;C:\Users\marco\.m2\repository\org\openjfx\javafx-controls\13\javafx-controls-13-win.jar;C:\Users\marco\.m2\repository\org\openjfx\javafx-graphics\13\javafx-graphics-13.jar;C:\Users\marco\.m2\repository\org\openjfx\javafx-graphics\13\javafx-graphics-13-win.jar;C:\Users\marco\.m2\repository\org\openjfx\javafx-base\13\javafx-base-13.jar;C:\Users\marco\.m2\repository\org\openjfx\javafx-base\13\javafx-base-13-win.jar;C:\Users\marco\.m2\repository\org\openjfx\javafx-fxml\13\javafx-fxml-13.jar;C:\Users\marco\.m2\repository\org\openjfx\javafx-fxml\13\javafx-fxml-13-win.jar;C:\Users\marco\.m2\repository\org\mongodb\mongodb-driver-sync\3.12.0\mongodb-driver-sync-3.12.0.jar;C:\Users\marco\.m2\repository\org\mongodb\bson\3.12.0\bson-3.12.0.jar;C:\Users\marco\.m2\repository\org\mongodb\mongodb-driver-core\3.12.0\mongodb-driver-core-3.12.0.jar;C:\Users\marco\.m2\repository\org\neo4j\driver\neo4j-java-driver\4.1.1\neo4j-java-driver-4.1.1.jar;C:\Users\marco\.m2\repository\org\reactivestreams\reactive-streams\1.0.3\reactive-streams-1.0.3.jar;C:\Users\marco\.m2\repository\log4j\log4j\1.2.17\log4j-1.2.17.jar;C:\Users\marco\.m2\repository\org\json\json\20201115\json-20201115.jar;C:\Users\marco\.m2\repository\org\jsoup\jsoup\1.11.3\jsoup-1.11.3.jar;C:\Users\marco\.m2\repository\com\google\collections\google-collections\1.0\google-collections-1.0.jar -Djdk.module.main=it.unipi.dii.inginf.lsmdb.fantabookapp.gui it.unipi.dii.inginf.lsmdb.fantabookapp.gui/it.unipi.dii.inginf.lsmdb.fantabookapp.frontend.gui.App

Host: Intel(R) Core(TM) i7-7700HQ CPU @ 2.80GHz, 8 cores, 15G,  Windows 10 , 64 bit Build 19041 (10.0.19041.1706)
Time: Wed May 25 15:53:50 2022 ora legale Europa occidentale elapsed time: 44.256402 seconds (0d 0h 0m 44s)

---------------  T H R E A D  ---------------

Current thread (0x000001f84d198680):  JavaThread "C2 CompilerThread0" daemon [_thread_in_native, id=59052, stack(0x000000b4c9500000,0x000000b4c9600000)]


Current CompileTask:
C2:  44256 3028 %     4       com.sun.marlin.DRenderer::_endRendering @ 763 (2473 bytes)

Stack: [0x000000b4c9500000,0x000000b4c9600000]
Native frames: (J=compiled Java code, j=interpreted, Vv=VM code, C=native code)
V  [jvm.dll+0x670baa]
V  [jvm.dll+0x7cfcb4]
V  [jvm.dll+0x7d145e]
V  [jvm.dll+0x7d1ac3]
V  [jvm.dll+0x242bc5]
V  [jvm.dll+0xaa57b]
V  [jvm.dll+0xaab0c]
V  [jvm.dll+0x35fd07]
V  [jvm.dll+0x1b9802]
V  [jvm.dll+0x215de9]
V  [jvm.dll+0x2150b1]
V  [jvm.dll+0x1a1bbd]
V  [jvm.dll+0x224908]
V  [jvm.dll+0x222a6c]
V  [jvm.dll+0x7859bb]
V  [jvm.dll+0x77ff7a]
V  [jvm.dll+0x66fa35]
C  [ucrtbase.dll+0x21bb2]
C  [KERNEL32.DLL+0x17034]
C  [ntdll.dll+0x52651]


---------------  P R O C E S S  ---------------

Threads class SMR info:
_java_thread_list=0x000001f853f6b950, length=21, elements={
0x000001f82a5bef20, 0x000001f84d17c120, 0x000001f84d17cea0, 0x000001f84d18b530,
0x000001f84d18df00, 0x000001f84d18efd0, 0x000001f84d1938c0, 0x000001f84d198680,
0x000001f84d1a0c50, 0x000001f84d1a1970, 0x000001f84dcb2ab0, 0x000001f84e28b760,
0x000001f84e226140, 0x000001f84e56b7b0, 0x000001f84e5ffa20, 0x000001f84e619f20,
0x000001f84e76bf10, 0x000001f84e76ef50, 0x000001f84e7e3e30, 0x000001f853ddcce0,
0x000001f853dddb50
}

Java Threads: ( => current thread )
  0x000001f82a5bef20 JavaThread "main" [_thread_blocked, id=65156, stack(0x000000b4c8800000,0x000000b4c8900000)]
  0x000001f84d17c120 JavaThread "Reference Handler" daemon [_thread_blocked, id=45796, stack(0x000000b4c8f00000,0x000000b4c9000000)]
  0x000001f84d17cea0 JavaThread "Finalizer" daemon [_thread_blocked, id=57564, stack(0x000000b4c9000000,0x000000b4c9100000)]
  0x000001f84d18b530 JavaThread "Signal Dispatcher" daemon [_thread_blocked, id=57264, stack(0x000000b4c9100000,0x000000b4c9200000)]
  0x000001f84d18df00 JavaThread "Attach Listener" daemon [_thread_blocked, id=59808, stack(0x000000b4c9200000,0x000000b4c9300000)]
  0x000001f84d18efd0 JavaThread "Service Thread" daemon [_thread_blocked, id=65044, stack(0x000000b4c9300000,0x000000b4c9400000)]
  0x000001f84d1938c0 JavaThread "Monitor Deflation Thread" daemon [_thread_blocked, id=46876, stack(0x000000b4c9400000,0x000000b4c9500000)]
=>0x000001f84d198680 JavaThread "C2 CompilerThread0" daemon [_thread_in_native, id=59052, stack(0x000000b4c9500000,0x000000b4c9600000)]
  0x000001f84d1a0c50 JavaThread "C1 CompilerThread0" daemon [_thread_blocked, id=56572, stack(0x000000b4c9600000,0x000000b4c9700000)]
  0x000001f84d1a1970 JavaThread "Sweeper thread" daemon [_thread_blocked, id=28124, stack(0x000000b4c9700000,0x000000b4c9800000)]
  0x000001f84dcb2ab0 JavaThread "Common-Cleaner" daemon [_thread_blocked, id=59880, stack(0x000000b4c9800000,0x000000b4c9900000)]
  0x000001f84e28b760 JavaThread "Monitor Ctrl-Break" daemon [_thread_in_native, id=59424, stack(0x000000b4c9b00000,0x000000b4c9c00000)]
  0x000001f84e226140 JavaThread "Notification Thread" daemon [_thread_blocked, id=58208, stack(0x000000b4c9c00000,0x000000b4c9d00000)]
  0x000001f84e56b7b0 JavaThread "QuantumRenderer-0" daemon [_thread_blocked, id=48708, stack(0x000000b4c9900000,0x000000b4c9a00000)]
  0x000001f84e5ffa20 JavaThread "InvokeLaterDispatcher" daemon [_thread_blocked, id=58816, stack(0x000000b4c9a00000,0x000000b4c9b00000)]
  0x000001f84e619f20 JavaThread "JavaFX Application Thread" [_thread_in_native, id=62556, stack(0x000000b4ca400000,0x000000b4ca500000)]
  0x000001f84e76bf10 JavaThread "Thread-1" daemon [_thread_in_native, id=61404, stack(0x000000b4ca800000,0x000000b4ca900000)]
  0x000001f84e76ef50 JavaThread "JavaFX-Launcher" [_thread_blocked, id=32116, stack(0x000000b4ca900000,0x000000b4caa00000)]
  0x000001f84e7e3e30 JavaThread "Prism Font Disposer" daemon [_thread_blocked, id=61268, stack(0x000000b4caa00000,0x000000b4cab00000)]
  0x000001f853ddcce0 JavaThread "Cleaner-0" daemon [_thread_blocked, id=21284, stack(0x000000b4cb200000,0x000000b4cb300000)]
  0x000001f853dddb50 JavaThread "cluster-ClusterId{value='628e34cfb4f8030fb9c25461', description='null'}-127.0.0.1:27017" daemon [_thread_blocked, id=62984, stack(0x000000b4cae00000,0x000000b4caf00000)]

Other Threads:
  0x000001f84d176d50 VMThread "VM Thread" [stack: 0x000000b4c8e00000,0x000000b4c8f00000] [id=56532]
  0x000001f82a632ad0 WatcherThread [stack: 0x000000b4c9d00000,0x000000b4c9e00000] [id=43256]
  0x000001f82a60f510 GCTaskThread "GC Thread#0" [stack: 0x000000b4c8900000,0x000000b4c8a00000] [id=57136]
  0x000001f84e601ed0 GCTaskThread "GC Thread#1" [stack: 0x000000b4c9e00000,0x000000b4c9f00000] [id=64072]
  0x000001f84e602180 GCTaskThread "GC Thread#2" [stack: 0x000000b4c9f00000,0x000000b4ca000000] [id=9872]
  0x000001f84e602430 GCTaskThread "GC Thread#3" [stack: 0x000000b4ca000000,0x000000b4ca100000] [id=64948]
  0x000001f84e617fe0 GCTaskThread "GC Thread#4" [stack: 0x000000b4ca100000,0x000000b4ca200000] [id=63068]
  0x000001f84e5c46e0 GCTaskThread "GC Thread#5" [stack: 0x000000b4ca200000,0x000000b4ca300000] [id=21808]
  0x000001f84e5c6da0 GCTaskThread "GC Thread#6" [stack: 0x000000b4ca300000,0x000000b4ca400000] [id=47512]
  0x000001f853cfecb0 GCTaskThread "GC Thread#7" [stack: 0x000000b4caf00000,0x000000b4cb000000] [id=18396]
  0x000001f82a6211b0 ConcurrentGCThread "G1 Main Marker" [stack: 0x000000b4c8a00000,0x000000b4c8b00000] [id=47556]
  0x000001f82a622270 ConcurrentGCThread "G1 Conc#0" [stack: 0x000000b4c8b00000,0x000000b4c8c00000] [id=54476]
  0x000001f84d0320c0 ConcurrentGCThread "G1 Refine#0" [stack: 0x000000b4c8c00000,0x000000b4c8d00000] [id=63596]
  0x000001f8535fb460 ConcurrentGCThread "G1 Refine#1" [stack: 0x000000b4cb000000,0x000000b4cb100000] [id=46704]
  0x000001f84d0329f0 ConcurrentGCThread "G1 Service" [stack: 0x000000b4c8d00000,0x000000b4c8e00000] [id=57864]

Threads with active compile tasks:
C2 CompilerThread0    44336 3028 %     4       com.sun.marlin.DRenderer::_endRendering @ 763 (2473 bytes)

VM state: not at safepoint (normal execution)

VM Mutex/Monitor currently owned by a thread: None

Heap address: 0x0000000701c00000, size: 4068 MB, Compressed Oops mode: Zero based, Oop shift amount: 3

CDS archive(s) mapped at: [0x0000000800000000-0x0000000800bc0000-0x0000000800bc0000), size 12320768, SharedBaseAddress: 0x0000000800000000, ArchiveRelocationMode: 0.
Compressed class space mapped at: 0x0000000800c00000-0x0000000840c00000, reserved size: 1073741824
Narrow klass base: 0x0000000800000000, Narrow klass shift: 0, Narrow klass range: 0x100000000

GC Precious Log:
 CPUs: 8 total, 8 available
 Memory: 16269M
 Large Page Support: Disabled
 NUMA Support: Disabled
 Compressed Oops: Enabled (Zero based)
 Heap Region Size: 2M
 Heap Min Capacity: 8M
 Heap Initial Capacity: 256M
 Heap Max Capacity: 4068M
 Pre-touch: Disabled
 Parallel Workers: 8
 Concurrent Workers: 2
 Concurrent Refinement Workers: 8
 Periodic GC: Disabled

Heap:
 garbage-first heap   total 262144K, used 46827K [0x0000000701c00000, 0x0000000800000000)
  region size 2048K, 18 young (36864K), 3 survivors (6144K)
 Metaspace       used 19898K, committed 20160K, reserved 1073152K
  class space    used 2911K, committed 3008K, reserved 1048576K

Heap Regions: E=young(eden), S=young(survivor), O=old, HS=humongous(starts), HC=humongous(continues), CS=collection set, F=free, OA=open archive, CA=closed archive, TAMS=top-at-mark-start (previous, next)
|   0|0x0000000701c00000, 0x0000000701e00000, 0x0000000701e00000|100%|HS|  |TAMS 0x0000000701c00000, 0x0000000701c00000| Complete 
|   1|0x0000000701e00000, 0x0000000702000000, 0x0000000702000000|100%|HC|  |TAMS 0x0000000701e00000, 0x0000000701e00000| Complete 
|   2|0x0000000702000000, 0x0000000702200000, 0x0000000702200000|100%|HC|  |TAMS 0x0000000702000000, 0x0000000702000000| Complete 
|   3|0x0000000702200000, 0x0000000702400000, 0x0000000702400000|100%|HC|  |TAMS 0x0000000702200000, 0x0000000702200000| Complete 
|   4|0x0000000702400000, 0x00000007025bac00, 0x0000000702600000| 86%| O|  |TAMS 0x0000000702400000, 0x0000000702400000| Untracked 
|   5|0x0000000702600000, 0x0000000702800000, 0x0000000702800000|100%|HS|  |TAMS 0x0000000702600000, 0x0000000702600000| Complete 
|   6|0x0000000702800000, 0x0000000702800000, 0x0000000702a00000|  0%| F|  |TAMS 0x0000000702800000, 0x0000000702800000| Untracked 
|   7|0x0000000702a00000, 0x0000000702a00000, 0x0000000702c00000|  0%| F|  |TAMS 0x0000000702a00000, 0x0000000702a00000| Untracked 
|   8|0x0000000702c00000, 0x0000000702c00000, 0x0000000702e00000|  0%| F|  |TAMS 0x0000000702c00000, 0x0000000702c00000| Untracked 
|   9|0x0000000702e00000, 0x0000000702e00000, 0x0000000703000000|  0%| F|  |TAMS 0x0000000702e00000, 0x0000000702e00000| Untracked 
|  10|0x0000000703000000, 0x0000000703000000, 0x0000000703200000|  0%| F|  |TAMS 0x0000000703000000, 0x0000000703000000| Untracked 
|  11|0x0000000703200000, 0x0000000703200000, 0x0000000703400000|  0%| F|  |TAMS 0x0000000703200000, 0x0000000703200000| Untracked 
|  12|0x0000000703400000, 0x0000000703400000, 0x0000000703600000|  0%| F|  |TAMS 0x0000000703400000, 0x0000000703400000| Untracked 
|  13|0x0000000703600000, 0x0000000703600000, 0x0000000703800000|  0%| F|  |TAMS 0x0000000703600000, 0x0000000703600000| Untracked 
|  14|0x0000000703800000, 0x0000000703800000, 0x0000000703a00000|  0%| F|  |TAMS 0x0000000703800000, 0x0000000703800000| Untracked 
|  15|0x0000000703a00000, 0x0000000703a00000, 0x0000000703c00000|  0%| F|  |TAMS 0x0000000703a00000, 0x0000000703a00000| Untracked 
|  16|0x0000000703c00000, 0x0000000703c00000, 0x0000000703e00000|  0%| F|  |TAMS 0x0000000703c00000, 0x0000000703c00000| Untracked 
|  17|0x0000000703e00000, 0x0000000703e00000, 0x0000000704000000|  0%| F|  |TAMS 0x0000000703e00000, 0x0000000703e00000| Untracked 
|  18|0x0000000704000000, 0x0000000704000000, 0x0000000704200000|  0%| F|  |TAMS 0x0000000704000000, 0x0000000704000000| Untracked 
|  19|0x0000000704200000, 0x0000000704200000, 0x0000000704400000|  0%| F|  |TAMS 0x0000000704200000, 0x0000000704200000| Untracked 
|  20|0x0000000704400000, 0x0000000704400000, 0x0000000704600000|  0%| F|  |TAMS 0x0000000704400000, 0x0000000704400000| Untracked 
|  21|0x0000000704600000, 0x0000000704600000, 0x0000000704800000|  0%| F|  |TAMS 0x0000000704600000, 0x0000000704600000| Untracked 
|  22|0x0000000704800000, 0x0000000704800000, 0x0000000704a00000|  0%| F|  |TAMS 0x0000000704800000, 0x0000000704800000| Untracked 
|  23|0x0000000704a00000, 0x0000000704a00000, 0x0000000704c00000|  0%| F|  |TAMS 0x0000000704a00000, 0x0000000704a00000| Untracked 
|  24|0x0000000704c00000, 0x0000000704c00000, 0x0000000704e00000|  0%| F|  |TAMS 0x0000000704c00000, 0x0000000704c00000| Untracked 
|  25|0x0000000704e00000, 0x0000000704e00000, 0x0000000705000000|  0%| F|  |TAMS 0x0000000704e00000, 0x0000000704e00000| Untracked 
|  26|0x0000000705000000, 0x0000000705000000, 0x0000000705200000|  0%| F|  |TAMS 0x0000000705000000, 0x0000000705000000| Untracked 
|  27|0x0000000705200000, 0x0000000705200000, 0x0000000705400000|  0%| F|  |TAMS 0x0000000705200000, 0x0000000705200000| Untracked 
|  28|0x0000000705400000, 0x0000000705400000, 0x0000000705600000|  0%| F|  |TAMS 0x0000000705400000, 0x0000000705400000| Untracked 
|  29|0x0000000705600000, 0x0000000705600000, 0x0000000705800000|  0%| F|  |TAMS 0x0000000705600000, 0x0000000705600000| Untracked 
|  30|0x0000000705800000, 0x0000000705800000, 0x0000000705a00000|  0%| F|  |TAMS 0x0000000705800000, 0x0000000705800000| Untracked 
|  31|0x0000000705a00000, 0x0000000705a00000, 0x0000000705c00000|  0%| F|  |TAMS 0x0000000705a00000, 0x0000000705a00000| Untracked 
|  32|0x0000000705c00000, 0x0000000705c00000, 0x0000000705e00000|  0%| F|  |TAMS 0x0000000705c00000, 0x0000000705c00000| Untracked 
|  33|0x0000000705e00000, 0x0000000705e00000, 0x0000000706000000|  0%| F|  |TAMS 0x0000000705e00000, 0x0000000705e00000| Untracked 
|  34|0x0000000706000000, 0x0000000706000000, 0x0000000706200000|  0%| F|  |TAMS 0x0000000706000000, 0x0000000706000000| Untracked 
|  35|0x0000000706200000, 0x0000000706200000, 0x0000000706400000|  0%| F|  |TAMS 0x0000000706200000, 0x0000000706200000| Untracked 
|  36|0x0000000706400000, 0x0000000706400000, 0x0000000706600000|  0%| F|  |TAMS 0x0000000706400000, 0x0000000706400000| Untracked 
|  37|0x0000000706600000, 0x0000000706600000, 0x0000000706800000|  0%| F|  |TAMS 0x0000000706600000, 0x0000000706600000| Untracked 
|  38|0x0000000706800000, 0x0000000706800000, 0x0000000706a00000|  0%| F|  |TAMS 0x0000000706800000, 0x0000000706800000| Untracked 
|  39|0x0000000706a00000, 0x0000000706a00000, 0x0000000706c00000|  0%| F|  |TAMS 0x0000000706a00000, 0x0000000706a00000| Untracked 
|  40|0x0000000706c00000, 0x0000000706c00000, 0x0000000706e00000|  0%| F|  |TAMS 0x0000000706c00000, 0x0000000706c00000| Untracked 
|  41|0x0000000706e00000, 0x0000000706e00000, 0x0000000707000000|  0%| F|  |TAMS 0x0000000706e00000, 0x0000000706e00000| Untracked 
|  42|0x0000000707000000, 0x0000000707000000, 0x0000000707200000|  0%| F|  |TAMS 0x0000000707000000, 0x0000000707000000| Untracked 
|  43|0x0000000707200000, 0x0000000707200000, 0x0000000707400000|  0%| F|  |TAMS 0x0000000707200000, 0x0000000707200000| Untracked 
|  44|0x0000000707400000, 0x0000000707400000, 0x0000000707600000|  0%| F|  |TAMS 0x0000000707400000, 0x0000000707400000| Untracked 
|  45|0x0000000707600000, 0x0000000707600000, 0x0000000707800000|  0%| F|  |TAMS 0x0000000707600000, 0x0000000707600000| Untracked 
|  46|0x0000000707800000, 0x0000000707800000, 0x0000000707a00000|  0%| F|  |TAMS 0x0000000707800000, 0x0000000707800000| Untracked 
|  47|0x0000000707a00000, 0x0000000707a00000, 0x0000000707c00000|  0%| F|  |TAMS 0x0000000707a00000, 0x0000000707a00000| Untracked 
|  48|0x0000000707c00000, 0x0000000707c00000, 0x0000000707e00000|  0%| F|  |TAMS 0x0000000707c00000, 0x0000000707c00000| Untracked 
|  49|0x0000000707e00000, 0x0000000707e00000, 0x0000000708000000|  0%| F|  |TAMS 0x0000000707e00000, 0x0000000707e00000| Untracked 
|  50|0x0000000708000000, 0x0000000708000000, 0x0000000708200000|  0%| F|  |TAMS 0x0000000708000000, 0x0000000708000000| Untracked 
|  51|0x0000000708200000, 0x0000000708200000, 0x0000000708400000|  0%| F|  |TAMS 0x0000000708200000, 0x0000000708200000| Untracked 
|  52|0x0000000708400000, 0x0000000708400000, 0x0000000708600000|  0%| F|  |TAMS 0x0000000708400000, 0x0000000708400000| Untracked 
|  53|0x0000000708600000, 0x0000000708600000, 0x0000000708800000|  0%| F|  |TAMS 0x0000000708600000, 0x0000000708600000| Untracked 
|  54|0x0000000708800000, 0x0000000708800000, 0x0000000708a00000|  0%| F|  |TAMS 0x0000000708800000, 0x0000000708800000| Untracked 
|  55|0x0000000708a00000, 0x0000000708a00000, 0x0000000708c00000|  0%| F|  |TAMS 0x0000000708a00000, 0x0000000708a00000| Untracked 
|  56|0x0000000708c00000, 0x0000000708c00000, 0x0000000708e00000|  0%| F|  |TAMS 0x0000000708c00000, 0x0000000708c00000| Untracked 
|  57|0x0000000708e00000, 0x0000000708e00000, 0x0000000709000000|  0%| F|  |TAMS 0x0000000708e00000, 0x0000000708e00000| Untracked 
|  58|0x0000000709000000, 0x0000000709000000, 0x0000000709200000|  0%| F|  |TAMS 0x0000000709000000, 0x0000000709000000| Untracked 
|  59|0x0000000709200000, 0x0000000709200000, 0x0000000709400000|  0%| F|  |TAMS 0x0000000709200000, 0x0000000709200000| Untracked 
|  60|0x0000000709400000, 0x0000000709400000, 0x0000000709600000|  0%| F|  |TAMS 0x0000000709400000, 0x0000000709400000| Untracked 
|  61|0x0000000709600000, 0x0000000709600000, 0x0000000709800000|  0%| F|  |TAMS 0x0000000709600000, 0x0000000709600000| Untracked 
|  62|0x0000000709800000, 0x0000000709800000, 0x0000000709a00000|  0%| F|  |TAMS 0x0000000709800000, 0x0000000709800000| Untracked 
|  63|0x0000000709a00000, 0x0000000709a00000, 0x0000000709c00000|  0%| F|  |TAMS 0x0000000709a00000, 0x0000000709a00000| Untracked 
|  64|0x0000000709c00000, 0x0000000709c00000, 0x0000000709e00000|  0%| F|  |TAMS 0x0000000709c00000, 0x0000000709c00000| Untracked 
|  65|0x0000000709e00000, 0x0000000709e00000, 0x000000070a000000|  0%| F|  |TAMS 0x0000000709e00000, 0x0000000709e00000| Untracked 
|  66|0x000000070a000000, 0x000000070a000000, 0x000000070a200000|  0%| F|  |TAMS 0x000000070a000000, 0x000000070a000000| Untracked 
|  67|0x000000070a200000, 0x000000070a200000, 0x000000070a400000|  0%| F|  |TAMS 0x000000070a200000, 0x000000070a200000| Untracked 
|  68|0x000000070a400000, 0x000000070a400000, 0x000000070a600000|  0%| F|  |TAMS 0x000000070a400000, 0x000000070a400000| Untracked 
|  69|0x000000070a600000, 0x000000070a600000, 0x000000070a800000|  0%| F|  |TAMS 0x000000070a600000, 0x000000070a600000| Untracked 
|  70|0x000000070a800000, 0x000000070a800000, 0x000000070aa00000|  0%| F|  |TAMS 0x000000070a800000, 0x000000070a800000| Untracked 
|  71|0x000000070aa00000, 0x000000070aa00000, 0x000000070ac00000|  0%| F|  |TAMS 0x000000070aa00000, 0x000000070aa00000| Untracked 
|  72|0x000000070ac00000, 0x000000070ac00000, 0x000000070ae00000|  0%| F|  |TAMS 0x000000070ac00000, 0x000000070ac00000| Untracked 
|  73|0x000000070ae00000, 0x000000070ae00000, 0x000000070b000000|  0%| F|  |TAMS 0x000000070ae00000, 0x000000070ae00000| Untracked 
|  74|0x000000070b000000, 0x000000070b000000, 0x000000070b200000|  0%| F|  |TAMS 0x000000070b000000, 0x000000070b000000| Untracked 
|  75|0x000000070b200000, 0x000000070b200000, 0x000000070b400000|  0%| F|  |TAMS 0x000000070b200000, 0x000000070b200000| Untracked 
|  76|0x000000070b400000, 0x000000070b400000, 0x000000070b600000|  0%| F|  |TAMS 0x000000070b400000, 0x000000070b400000| Untracked 
|  77|0x000000070b600000, 0x000000070b600000, 0x000000070b800000|  0%| F|  |TAMS 0x000000070b600000, 0x000000070b600000| Untracked 
|  78|0x000000070b800000, 0x000000070b800000, 0x000000070ba00000|  0%| F|  |TAMS 0x000000070b800000, 0x000000070b800000| Untracked 
|  79|0x000000070ba00000, 0x000000070ba00000, 0x000000070bc00000|  0%| F|  |TAMS 0x000000070ba00000, 0x000000070ba00000| Untracked 
|  80|0x000000070bc00000, 0x000000070bc00000, 0x000000070be00000|  0%| F|  |TAMS 0x000000070bc00000, 0x000000070bc00000| Untracked 
|  81|0x000000070be00000, 0x000000070be00000, 0x000000070c000000|  0%| F|  |TAMS 0x000000070be00000, 0x000000070be00000| Untracked 
|  82|0x000000070c000000, 0x000000070c000000, 0x000000070c200000|  0%| F|  |TAMS 0x000000070c000000, 0x000000070c000000| Untracked 
|  83|0x000000070c200000, 0x000000070c200000, 0x000000070c400000|  0%| F|  |TAMS 0x000000070c200000, 0x000000070c200000| Untracked 
|  84|0x000000070c400000, 0x000000070c400000, 0x000000070c600000|  0%| F|  |TAMS 0x000000070c400000, 0x000000070c400000| Untracked 
|  85|0x000000070c600000, 0x000000070c600000, 0x000000070c800000|  0%| F|  |TAMS 0x000000070c600000, 0x000000070c600000| Untracked 
|  86|0x000000070c800000, 0x000000070c800000, 0x000000070ca00000|  0%| F|  |TAMS 0x000000070c800000, 0x000000070c800000| Untracked 
|  87|0x000000070ca00000, 0x000000070ca00000, 0x000000070cc00000|  0%| F|  |TAMS 0x000000070ca00000, 0x000000070ca00000| Untracked 
|  88|0x000000070cc00000, 0x000000070cc00000, 0x000000070ce00000|  0%| F|  |TAMS 0x000000070cc00000, 0x000000070cc00000| Untracked 
|  89|0x000000070ce00000, 0x000000070ce00000, 0x000000070d000000|  0%| F|  |TAMS 0x000000070ce00000, 0x000000070ce00000| Untracked 
|  90|0x000000070d000000, 0x000000070d000000, 0x000000070d200000|  0%| F|  |TAMS 0x000000070d000000, 0x000000070d000000| Untracked 
|  91|0x000000070d200000, 0x000000070d200000, 0x000000070d400000|  0%| F|  |TAMS 0x000000070d200000, 0x000000070d200000| Untracked 
|  92|0x000000070d400000, 0x000000070d400000, 0x000000070d600000|  0%| F|  |TAMS 0x000000070d400000, 0x000000070d400000| Untracked 
|  93|0x000000070d600000, 0x000000070d600000, 0x000000070d800000|  0%| F|  |TAMS 0x000000070d600000, 0x000000070d600000| Untracked 
|  94|0x000000070d800000, 0x000000070d800000, 0x000000070da00000|  0%| F|  |TAMS 0x000000070d800000, 0x000000070d800000| Untracked 
|  95|0x000000070da00000, 0x000000070da00000, 0x000000070dc00000|  0%| F|  |TAMS 0x000000070da00000, 0x000000070da00000| Untracked 
|  96|0x000000070dc00000, 0x000000070dc00000, 0x000000070de00000|  0%| F|  |TAMS 0x000000070dc00000, 0x000000070dc00000| Untracked 
|  97|0x000000070de00000, 0x000000070de00000, 0x000000070e000000|  0%| F|  |TAMS 0x000000070de00000, 0x000000070de00000| Untracked 
|  98|0x000000070e000000, 0x000000070e000000, 0x000000070e200000|  0%| F|  |TAMS 0x000000070e000000, 0x000000070e000000| Untracked 
|  99|0x000000070e200000, 0x000000070e200000, 0x000000070e400000|  0%| F|  |TAMS 0x000000070e200000, 0x000000070e200000| Untracked 
| 100|0x000000070e400000, 0x000000070e400000, 0x000000070e600000|  0%| F|  |TAMS 0x000000070e400000, 0x000000070e400000| Untracked 
| 101|0x000000070e600000, 0x000000070e600000, 0x000000070e800000|  0%| F|  |TAMS 0x000000070e600000, 0x000000070e600000| Untracked 
| 102|0x000000070e800000, 0x000000070e800000, 0x000000070ea00000|  0%| F|  |TAMS 0x000000070e800000, 0x000000070e800000| Untracked 
| 103|0x000000070ea00000, 0x000000070ea00000, 0x000000070ec00000|  0%| F|  |TAMS 0x000000070ea00000, 0x000000070ea00000| Untracked 
| 104|0x000000070ec00000, 0x000000070ee00000, 0x000000070ee00000|100%| S|CS|TAMS 0x000000070ec00000, 0x000000070ec00000| Complete 
| 105|0x000000070ee00000, 0x000000070f000000, 0x000000070f000000|100%| S|CS|TAMS 0x000000070ee00000, 0x000000070ee00000| Complete 
| 106|0x000000070f000000, 0x000000070f200000, 0x000000070f200000|100%| S|CS|TAMS 0x000000070f000000, 0x000000070f000000| Complete 
| 107|0x000000070f200000, 0x000000070f200000, 0x000000070f400000|  0%| F|  |TAMS 0x000000070f200000, 0x000000070f200000| Untracked 
| 108|0x000000070f400000, 0x000000070f400000, 0x000000070f600000|  0%| F|  |TAMS 0x000000070f400000, 0x000000070f400000| Untracked 
| 109|0x000000070f600000, 0x000000070f600000, 0x000000070f800000|  0%| F|  |TAMS 0x000000070f600000, 0x000000070f600000| Untracked 
| 110|0x000000070f800000, 0x000000070f800000, 0x000000070fa00000|  0%| F|  |TAMS 0x000000070f800000, 0x000000070f800000| Untracked 
| 111|0x000000070fa00000, 0x000000070fa00000, 0x000000070fc00000|  0%| F|  |TAMS 0x000000070fa00000, 0x000000070fa00000| Untracked 
| 112|0x000000070fc00000, 0x000000070fc00000, 0x000000070fe00000|  0%| F|  |TAMS 0x000000070fc00000, 0x000000070fc00000| Untracked 
| 113|0x000000070fe00000, 0x000000070ff978b0, 0x0000000710000000| 79%| E|  |TAMS 0x000000070fe00000, 0x000000070fe00000| Complete 
| 114|0x0000000710000000, 0x0000000710200000, 0x0000000710200000|100%| E|CS|TAMS 0x0000000710000000, 0x0000000710000000| Complete 
| 115|0x0000000710200000, 0x0000000710400000, 0x0000000710400000|100%| E|CS|TAMS 0x0000000710200000, 0x0000000710200000| Complete 
| 116|0x0000000710400000, 0x0000000710600000, 0x0000000710600000|100%| E|CS|TAMS 0x0000000710400000, 0x0000000710400000| Complete 
| 117|0x0000000710600000, 0x0000000710800000, 0x0000000710800000|100%| E|CS|TAMS 0x0000000710600000, 0x0000000710600000| Complete 
| 118|0x0000000710800000, 0x0000000710a00000, 0x0000000710a00000|100%| E|CS|TAMS 0x0000000710800000, 0x0000000710800000| Complete 
| 119|0x0000000710a00000, 0x0000000710c00000, 0x0000000710c00000|100%| E|CS|TAMS 0x0000000710a00000, 0x0000000710a00000| Complete 
| 120|0x0000000710c00000, 0x0000000710e00000, 0x0000000710e00000|100%| E|CS|TAMS 0x0000000710c00000, 0x0000000710c00000| Complete 
| 121|0x0000000710e00000, 0x0000000711000000, 0x0000000711000000|100%| E|CS|TAMS 0x0000000710e00000, 0x0000000710e00000| Complete 
| 122|0x0000000711000000, 0x0000000711200000, 0x0000000711200000|100%| E|CS|TAMS 0x0000000711000000, 0x0000000711000000| Complete 
| 123|0x0000000711200000, 0x0000000711400000, 0x0000000711400000|100%| E|CS|TAMS 0x0000000711200000, 0x0000000711200000| Complete 
| 124|0x0000000711400000, 0x0000000711600000, 0x0000000711600000|100%| E|CS|TAMS 0x0000000711400000, 0x0000000711400000| Complete 
| 125|0x0000000711600000, 0x0000000711800000, 0x0000000711800000|100%| E|CS|TAMS 0x0000000711600000, 0x0000000711600000| Complete 
| 126|0x0000000711800000, 0x0000000711a00000, 0x0000000711a00000|100%| E|CS|TAMS 0x0000000711800000, 0x0000000711800000| Complete 
| 127|0x0000000711a00000, 0x0000000711c00000, 0x0000000711c00000|100%| E|CS|TAMS 0x0000000711a00000, 0x0000000711a00000| Complete 

Card table byte_map: [0x000001f841830000,0x000001f842030000] _byte_map_base: 0x000001f83e022000

Marking Bits (Prev, Next): (CMBitMap*) 0x000001f82a60fa30, (CMBitMap*) 0x000001f82a60fa70
 Prev Bits: [0x000001f842830000, 0x000001f8467c0000)
 Next Bits: [0x000001f8467c0000, 0x000001f84a750000)

Polling page: 0x000001f8283b0000

Metaspace:

Usage:
  Non-class:     16.59 MB used.
      Class:      2.84 MB used.
       Both:     19.43 MB used.

Virtual space:
  Non-class space:       24.00 MB reserved,      16.75 MB ( 70%) committed,  3 nodes.
      Class space:        1.00 GB reserved,       2.94 MB ( <1%) committed,  1 nodes.
             Both:        1.02 GB reserved,      19.69 MB (  2%) committed. 

Chunk freelists:
   Non-Class:  2.36 MB
       Class:  1.00 MB
        Both:  3.36 MB

MaxMetaspaceSize: unlimited
CompressedClassSpaceSize: 1.00 GB
Initial GC threshold: 21.00 MB
Current GC threshold: 21.00 MB
CDS: on
MetaspaceReclaimPolicy: balanced
 - commit_granule_bytes: 65536.
 - commit_granule_words: 8192.
 - virtual_space_node_default_size: 1048576.
 - enlarge_chunks_in_place: 1.
 - new_chunks_are_fully_committed: 0.
 - uncommit_free_chunks: 1.
 - use_allocation_guard: 0.
 - handle_deallocations: 1.


Internal statistics:

num_allocs_failed_limit: 0.
num_arena_births: 220.
num_arena_deaths: 0.
num_vsnodes_births: 4.
num_vsnodes_deaths: 0.
num_space_committed: 315.
num_space_uncommitted: 0.
num_chunks_returned_to_freelist: 0.
num_chunks_taken_from_freelist: 840.
num_chunk_merges: 0.
num_chunk_splits: 598.
num_chunks_enlarged: 478.
num_purges: 0.
num_inconsistent_stats: 0.

CodeHeap 'non-profiled nmethods': size=120000Kb used=1275Kb max_used=1275Kb free=118725Kb
 bounds [0x000001f8398e0000, 0x000001f839b50000, 0x000001f840e10000]
CodeHeap 'profiled nmethods': size=120000Kb used=5517Kb max_used=5517Kb free=114482Kb
 bounds [0x000001f8323b0000, 0x000001f832920000, 0x000001f8398e0000]
CodeHeap 'non-nmethods': size=5760Kb used=1455Kb max_used=1495Kb free=4304Kb
 bounds [0x000001f831e10000, 0x000001f832080000, 0x000001f8323b0000]
 total_blobs=3868 nmethods=3042 adapters=738
 compilation: enabled
              stopped_count=0, restarted_count=0
 full_count=0

Compilation events (20 events):
Event: 44.111 Thread 0x000001f84d1a0c50 3038       3       com.sun.javafx.font.directwrite.DWFontStrike::getQuantizedPosition (151 bytes)
Event: 44.111 Thread 0x000001f84d1a0c50 nmethod 3038 0x000001f83290c990 code [0x000001f83290cb80, 0x000001f83290cfb8]
Event: 44.111 Thread 0x000001f84d1a0c50 3039       3       com.sun.javafx.font.PrismFontStrike::getQuantizedPosition (56 bytes)
Event: 44.112 Thread 0x000001f84d1a0c50 nmethod 3039 0x000001f83290d110 code [0x000001f83290d300, 0x000001f83290d548]
Event: 44.112 Thread 0x000001f84d1a0c50 3040   !   3       com.sun.prism.impl.GlyphCache::getCachedGlyph (461 bytes)
Event: 44.119 Thread 0x000001f84d1a0c50 nmethod 3040 0x000001f83290d690 code [0x000001f83290dbe0, 0x000001f8329109b8]
Event: 44.119 Thread 0x000001f84d1a0c50 3041       3       com.sun.prism.impl.VertexBuffer::ensureCapacityForQuad (38 bytes)
Event: 44.119 Thread 0x000001f84d1a0c50 nmethod 3041 0x000001f832912010 code [0x000001f8329121c0, 0x000001f8329124b8]
Event: 44.119 Thread 0x000001f84d1a0c50 3043       3       com.sun.prism.impl.VertexBuffer::addQuad (63 bytes)
Event: 44.119 Thread 0x000001f84d1a0c50 nmethod 3043 0x000001f832912610 code [0x000001f8329127e0, 0x000001f832912ac8]
Event: 44.120 Thread 0x000001f84d1a0c50 3044       3       com.sun.javafx.geom.transform.Affine3D::translate (27 bytes)
Event: 44.120 Thread 0x000001f84d1a0c50 nmethod 3044 0x000001f832912c90 code [0x000001f832912e40, 0x000001f832913038]
Event: 44.120 Thread 0x000001f84d1a0c50 3036       3       javafx.scene.layout.Border::isEmpty (30 bytes)
Event: 44.121 Thread 0x000001f84d1a0c50 nmethod 3036 0x000001f832913110 code [0x000001f8329132c0, 0x000001f8329135f8]
Event: 44.121 Thread 0x000001f84d1a0c50 3045       1       com.sun.prism.impl.shape.MaskData::getOriginX (5 bytes)
Event: 44.121 Thread 0x000001f84d1a0c50 nmethod 3045 0x000001f839a1d990 code [0x000001f839a1db20, 0x000001f839a1dbf8]
Event: 44.121 Thread 0x000001f84d1a0c50 3046       1       com.sun.prism.impl.shape.MaskData::getOriginY (5 bytes)
Event: 44.121 Thread 0x000001f84d1a0c50 nmethod 3046 0x000001f839a1dc90 code [0x000001f839a1de20, 0x000001f839a1def8]
Event: 44.132 Thread 0x000001f84d198680 nmethod 3029 0x000001f839a1df90 code [0x000001f839a1e120, 0x000001f839a1e7f8]
Event: 44.132 Thread 0x000001f84d198680 3028 %     4       com.sun.marlin.DRenderer::_endRendering @ 763 (2473 bytes)

GC Heap History (4 events):
Event: 2.442 GC heap before
{Heap before GC invocations=0 (full 0):
 garbage-first heap   total 262144K, used 20480K [0x0000000701c00000, 0x0000000800000000)
  region size 2048K, 11 young (22528K), 0 survivors (0K)
 Metaspace       used 3642K, committed 3776K, reserved 1056768K
  class space    used 381K, committed 448K, reserved 1048576K
}
Event: 2.448 GC heap after
{Heap after GC invocations=1 (full 0):
 garbage-first heap   total 262144K, used 2559K [0x0000000701c00000, 0x0000000800000000)
  region size 2048K, 2 young (4096K), 2 survivors (4096K)
 Metaspace       used 3642K, committed 3776K, reserved 1056768K
  class space    used 381K, committed 448K, reserved 1048576K
}
Event: 4.168 GC heap before
{Heap before GC invocations=1 (full 0):
 garbage-first heap   total 262144K, used 47615K [0x0000000701c00000, 0x0000000800000000)
  region size 2048K, 21 young (43008K), 2 survivors (4096K)
 Metaspace       used 13159K, committed 13376K, reserved 1064960K
  class space    used 1831K, committed 1920K, reserved 1048576K
}
Event: 4.178 GC heap after
{Heap after GC invocations=2 (full 0):
 garbage-first heap   total 262144K, used 16107K [0x0000000701c00000, 0x0000000800000000)
  region size 2048K, 3 young (6144K), 3 survivors (6144K)
 Metaspace       used 13159K, committed 13376K, reserved 1064960K
  class space    used 1831K, committed 1920K, reserved 1048576K
}

Deoptimization events (20 events):
Event: 14.028 Thread 0x000001f84e619f20 DEOPT PACKING pc=0x000001f8399ca5cc sp=0x000000b4ca4fbc60
Event: 14.028 Thread 0x000001f84e619f20 DEOPT UNPACKING pc=0x000001f831e623a3 sp=0x000000b4ca4fbc10 mode 2
Event: 14.039 Thread 0x000001f84e619f20 Uncommon trap: trap_request=0xffffffde fr.pc=0x000001f8399ca5cc relative=0x000000000000046c
Event: 14.039 Thread 0x000001f84e619f20 Uncommon trap: reason=class_check action=maybe_recompile pc=0x000001f8399ca5cc method=java.util.HashMap.putVal(ILjava/lang/Object;Ljava/lang/Object;ZZ)Ljava/lang/Object; @ 253 c2
Event: 14.039 Thread 0x000001f84e619f20 DEOPT PACKING pc=0x000001f8399ca5cc sp=0x000000b4ca4fbc50
Event: 14.039 Thread 0x000001f84e619f20 DEOPT UNPACKING pc=0x000001f831e623a3 sp=0x000000b4ca4fbc00 mode 2
Event: 14.050 Thread 0x000001f84e619f20 Uncommon trap: trap_request=0xffffff45 fr.pc=0x000001f8399358a0 relative=0x0000000000000680
Event: 14.050 Thread 0x000001f84e619f20 Uncommon trap: reason=unstable_if action=reinterpret pc=0x000001f8399358a0 method=java.lang.AbstractStringBuilder.append(Ljava/lang/String;)Ljava/lang/AbstractStringBuilder; @ 1 c2
Event: 14.050 Thread 0x000001f84e619f20 DEOPT PACKING pc=0x000001f8399358a0 sp=0x000000b4ca4fbd20
Event: 14.050 Thread 0x000001f84e619f20 DEOPT UNPACKING pc=0x000001f831e623a3 sp=0x000000b4ca4fbcb0 mode 2
Event: 14.068 Thread 0x000001f853dddb50 DEOPT PACKING pc=0x000001f8323dfabe sp=0x000000b4caeff020
Event: 14.068 Thread 0x000001f853dddb50 DEOPT UNPACKING pc=0x000001f831e62b43 sp=0x000000b4caefe498 mode 0
Event: 44.103 Thread 0x000001f84e56b7b0 DEOPT PACKING pc=0x000001f8328c6d78 sp=0x000000b4c99fde00
Event: 44.103 Thread 0x000001f84e56b7b0 DEOPT UNPACKING pc=0x000001f831e62b43 sp=0x000000b4c99fd2b0 mode 0
Event: 44.104 Thread 0x000001f84e56b7b0 DEOPT PACKING pc=0x000001f8328c6d78 sp=0x000000b4c99fdc40
Event: 44.104 Thread 0x000001f84e56b7b0 DEOPT UNPACKING pc=0x000001f831e62b43 sp=0x000000b4c99fd0f0 mode 0
Event: 44.111 Thread 0x000001f84e56b7b0 DEOPT PACKING pc=0x000001f832880ad9 sp=0x000000b4c99fdc90
Event: 44.111 Thread 0x000001f84e56b7b0 DEOPT UNPACKING pc=0x000001f831e62b43 sp=0x000000b4c99fd0c8 mode 0
Event: 44.114 Thread 0x000001f84e56b7b0 DEOPT PACKING pc=0x000001f832880a6c sp=0x000000b4c99fd7e0
Event: 44.114 Thread 0x000001f84e56b7b0 DEOPT UNPACKING pc=0x000001f831e62b43 sp=0x000000b4c99fcc18 mode 0

Classes unloaded (0 events):
No events

Classes redefined (0 events):
No events

Internal exceptions (20 events):
Event: 39.364 Thread 0x000001f853dddb50 Exception <a 'java/net/SocketException'{0x000000070ff272d8}: Socket is not connected: shutdown> (0x000000070ff272d8) 
thrown [t:\workspace\open\src\hotspot\share\prims\jni.cpp, line 535]
Event: 39.865 Thread 0x000001f853dddb50 Exception <a 'java/net/ConnectException'{0x000000070ff28660}: Connection refused: no further information> (0x000000070ff28660) 
thrown [t:\workspace\open\src\hotspot\share\prims\jni.cpp, line 535]
Event: 39.865 Thread 0x000001f853dddb50 Exception <a 'java/net/SocketException'{0x000000070ff28998}: Socket is not connected: shutdown> (0x000000070ff28998) 
thrown [t:\workspace\open\src\hotspot\share\prims\jni.cpp, line 535]
Event: 40.367 Thread 0x000001f853dddb50 Exception <a 'java/net/ConnectException'{0x000000070ff29d20}: Connection refused: no further information> (0x000000070ff29d20) 
thrown [t:\workspace\open\src\hotspot\share\prims\jni.cpp, line 535]
Event: 40.367 Thread 0x000001f853dddb50 Exception <a 'java/net/SocketException'{0x000000070ff2a058}: Socket is not connected: shutdown> (0x000000070ff2a058) 
thrown [t:\workspace\open\src\hotspot\share\prims\jni.cpp, line 535]
Event: 40.880 Thread 0x000001f853dddb50 Exception <a 'java/net/ConnectException'{0x000000070ff2b3e0}: Connection refused: no further information> (0x000000070ff2b3e0) 
thrown [t:\workspace\open\src\hotspot\share\prims\jni.cpp, line 535]
Event: 40.880 Thread 0x000001f853dddb50 Exception <a 'java/net/SocketException'{0x000000070ff2b718}: Socket is not connected: shutdown> (0x000000070ff2b718) 
thrown [t:\workspace\open\src\hotspot\share\prims\jni.cpp, line 535]
Event: 41.381 Thread 0x000001f853dddb50 Exception <a 'java/net/ConnectException'{0x000000070ff2caa0}: Connection refused: no further information> (0x000000070ff2caa0) 
thrown [t:\workspace\open\src\hotspot\share\prims\jni.cpp, line 535]
Event: 41.381 Thread 0x000001f853dddb50 Exception <a 'java/net/SocketException'{0x000000070ff2cdd8}: Socket is not connected: shutdown> (0x000000070ff2cdd8) 
thrown [t:\workspace\open\src\hotspot\share\prims\jni.cpp, line 535]
Event: 41.884 Thread 0x000001f853dddb50 Exception <a 'java/net/ConnectException'{0x000000070ff2e160}: Connection refused: no further information> (0x000000070ff2e160) 
thrown [t:\workspace\open\src\hotspot\share\prims\jni.cpp, line 535]
Event: 41.884 Thread 0x000001f853dddb50 Exception <a 'java/net/SocketException'{0x000000070ff2e498}: Socket is not connected: shutdown> (0x000000070ff2e498) 
thrown [t:\workspace\open\src\hotspot\share\prims\jni.cpp, line 535]
Event: 42.385 Thread 0x000001f853dddb50 Exception <a 'java/net/ConnectException'{0x000000070ff2f820}: Connection refused: no further information> (0x000000070ff2f820) 
thrown [t:\workspace\open\src\hotspot\share\prims\jni.cpp, line 535]
Event: 42.385 Thread 0x000001f853dddb50 Exception <a 'java/net/SocketException'{0x000000070ff2fb58}: Socket is not connected: shutdown> (0x000000070ff2fb58) 
thrown [t:\workspace\open\src\hotspot\share\prims\jni.cpp, line 535]
Event: 42.886 Thread 0x000001f853dddb50 Exception <a 'java/net/ConnectException'{0x000000070ff30ee0}: Connection refused: no further information> (0x000000070ff30ee0) 
thrown [t:\workspace\open\src\hotspot\share\prims\jni.cpp, line 535]
Event: 42.886 Thread 0x000001f853dddb50 Exception <a 'java/net/SocketException'{0x000000070ff31218}: Socket is not connected: shutdown> (0x000000070ff31218) 
thrown [t:\workspace\open\src\hotspot\share\prims\jni.cpp, line 535]
Event: 43.386 Thread 0x000001f853dddb50 Exception <a 'java/net/ConnectException'{0x000000070ff325a0}: Connection refused: no further information> (0x000000070ff325a0) 
thrown [t:\workspace\open\src\hotspot\share\prims\jni.cpp, line 535]
Event: 43.386 Thread 0x000001f853dddb50 Exception <a 'java/net/SocketException'{0x000000070ff328d8}: Socket is not connected: shutdown> (0x000000070ff328d8) 
thrown [t:\workspace\open\src\hotspot\share\prims\jni.cpp, line 535]
Event: 43.890 Thread 0x000001f853dddb50 Exception <a 'java/net/ConnectException'{0x000000070ff33c60}: Connection refused: no further information> (0x000000070ff33c60) 
thrown [t:\workspace\open\src\hotspot\share\prims\jni.cpp, line 535]
Event: 43.890 Thread 0x000001f853dddb50 Exception <a 'java/net/SocketException'{0x000000070ff33f98}: Socket is not connected: shutdown> (0x000000070ff33f98) 
thrown [t:\workspace\open\src\hotspot\share\prims\jni.cpp, line 535]
Event: 44.082 Thread 0x000001f84e619f20 Exception <a 'java/lang/ExceptionInInitializerError'{0x000000070fe5c270}> (0x000000070fe5c270) 
thrown [t:\workspace\open\src\hotspot\share\oops\instanceKlass.cpp, line 1168]

VM Operations (20 events):
Event: 12.010 Executing VM operation: HandshakeAllThreads
Event: 12.010 Executing VM operation: HandshakeAllThreads done
Event: 13.010 Executing VM operation: Cleanup
Event: 13.010 Executing VM operation: Cleanup done
Event: 13.859 Executing VM operation: HandshakeAllThreads
Event: 13.859 Executing VM operation: HandshakeAllThreads done
Event: 14.859 Executing VM operation: Cleanup
Event: 14.860 Executing VM operation: Cleanup done
Event: 16.861 Executing VM operation: Cleanup
Event: 16.861 Executing VM operation: Cleanup done
Event: 18.861 Executing VM operation: Cleanup
Event: 18.862 Executing VM operation: Cleanup done
Event: 19.862 Executing VM operation: Cleanup
Event: 19.862 Executing VM operation: Cleanup done
Event: 20.863 Executing VM operation: Cleanup
Event: 20.864 Executing VM operation: Cleanup done
Event: 22.864 Executing VM operation: Cleanup
Event: 22.865 Executing VM operation: Cleanup done
Event: 23.865 Executing VM operation: Cleanup
Event: 23.865 Executing VM operation: Cleanup done

Events (20 events):
Event: 14.063 loading class javax/net/ssl/SSLSocket
Event: 14.063 loading class javax/net/ssl/SSLSocket done
Event: 14.065 loading class java/net/ConnectException
Event: 14.065 loading class java/net/SocketException
Event: 14.065 loading class java/net/SocketException done
Event: 14.065 loading class java/net/ConnectException done
Event: 14.065 loading class sun/net/util/SocketExceptions
Event: 14.065 loading class sun/net/util/SocketExceptions done
Event: 14.066 loading class java/util/Collections$UnmodifiableList$1
Event: 14.066 loading class java/util/Collections$UnmodifiableList$1 done
Event: 14.066 loading class java/io/PrintWriter
Event: 14.067 loading class java/io/PrintWriter done
Event: 14.067 loading class java/lang/Throwable$WrappedPrintWriter
Event: 14.067 loading class java/lang/Throwable$PrintStreamOrWriter
Event: 14.067 loading class java/lang/Throwable$PrintStreamOrWriter done
Event: 14.067 loading class java/lang/Throwable$WrappedPrintWriter done
Event: 44.081 loading class java/lang/ExceptionInInitializerError
Event: 44.082 loading class java/lang/ExceptionInInitializerError done
Event: 44.082 loading class java/lang/Throwable$WrappedPrintStream
Event: 44.082 loading class java/lang/Throwable$WrappedPrintStream done


Dynamic libraries:
0x00007ff7298f0000 - 0x00007ff7298fe000 	C:\Users\marco\.jdks\openjdk-17.0.2\bin\java.exe
0x00007fffb4170000 - 0x00007fffb4365000 	C:\WINDOWS\SYSTEM32\ntdll.dll
0x00007fffb3d20000 - 0x00007fffb3ddd000 	C:\WINDOWS\System32\KERNEL32.DLL
0x00007fffb1920000 - 0x00007fffb1bed000 	C:\WINDOWS\System32\KERNELBASE.dll
0x00007fffb1ed0000 - 0x00007fffb1fd0000 	C:\WINDOWS\System32\ucrtbase.dll
0x00007fffab840000 - 0x00007fffab858000 	C:\Users\marco\.jdks\openjdk-17.0.2\bin\jli.dll
0x00007fffa91f0000 - 0x00007fffa920a000 	C:\Users\marco\.jdks\openjdk-17.0.2\bin\VCRUNTIME140.dll
0x00007fffb2550000 - 0x00007fffb26f0000 	C:\WINDOWS\System32\USER32.dll
0x00007fffb1c40000 - 0x00007fffb1c62000 	C:\WINDOWS\System32\win32u.dll
0x00007fff9b8e0000 - 0x00007fff9bb7a000 	C:\WINDOWS\WinSxS\amd64_microsoft.windows.common-controls_6595b64144ccf1df_6.0.19041.1110_none_60b5254171f9507e\COMCTL32.dll
0x00007fffb27b0000 - 0x00007fffb27da000 	C:\WINDOWS\System32\GDI32.dll
0x00007fffb3ae0000 - 0x00007fffb3b7e000 	C:\WINDOWS\System32\msvcrt.dll
0x00007fffb1c70000 - 0x00007fffb1d7b000 	C:\WINDOWS\System32\gdi32full.dll
0x00007fffb1880000 - 0x00007fffb191d000 	C:\WINDOWS\System32\msvcp_win.dll
0x00007fffb40a0000 - 0x00007fffb40d0000 	C:\WINDOWS\System32\IMM32.DLL
0x00007fffac9e0000 - 0x00007fffac9ec000 	C:\Users\marco\.jdks\openjdk-17.0.2\bin\vcruntime140_1.dll
0x00007fff98890000 - 0x00007fff9891d000 	C:\Users\marco\.jdks\openjdk-17.0.2\bin\msvcp140.dll
0x00007fff56dd0000 - 0x00007fff57991000 	C:\Users\marco\.jdks\openjdk-17.0.2\bin\server\jvm.dll
0x00007fffb3c70000 - 0x00007fffb3d1e000 	C:\WINDOWS\System32\ADVAPI32.dll
0x00007fffb3a40000 - 0x00007fffb3adc000 	C:\WINDOWS\System32\sechost.dll
0x00007fffb23c0000 - 0x00007fffb24e5000 	C:\WINDOWS\System32\RPCRT4.dll
0x00007fffb3a30000 - 0x00007fffb3a38000 	C:\WINDOWS\System32\PSAPI.DLL
0x00007fffa4510000 - 0x00007fffa4537000 	C:\WINDOWS\SYSTEM32\WINMM.dll
0x00007fffa4d10000 - 0x00007fffa4d19000 	C:\WINDOWS\SYSTEM32\WSOCK32.dll
0x00007fffab8e0000 - 0x00007fffab8ea000 	C:\WINDOWS\SYSTEM32\VERSION.dll
0x00007fffb35a0000 - 0x00007fffb360b000 	C:\WINDOWS\System32\WS2_32.dll
0x00007fffb0320000 - 0x00007fffb0332000 	C:\WINDOWS\SYSTEM32\kernel.appcore.dll
0x00007fffac9c0000 - 0x00007fffac9ca000 	C:\Users\marco\.jdks\openjdk-17.0.2\bin\jimage.dll
0x00007fffafd80000 - 0x00007fffaff64000 	C:\WINDOWS\SYSTEM32\DBGHELP.DLL
0x00007fffaa6d0000 - 0x00007fffaa6fc000 	C:\WINDOWS\SYSTEM32\dbgcore.DLL
0x00007fffb1fd0000 - 0x00007fffb2052000 	C:\WINDOWS\System32\bcryptPrimitives.dll
0x00007fffab8b0000 - 0x00007fffab8be000 	C:\Users\marco\.jdks\openjdk-17.0.2\bin\instrument.dll
0x00007fffa91c0000 - 0x00007fffa91e5000 	C:\Users\marco\.jdks\openjdk-17.0.2\bin\java.dll
0x00007fff90450000 - 0x00007fff90526000 	C:\Users\marco\.jdks\openjdk-17.0.2\bin\jsvml.dll
0x00007fffb27e0000 - 0x00007fffb2f24000 	C:\WINDOWS\System32\SHELL32.dll
0x00007fffaf510000 - 0x00007fffafca4000 	C:\WINDOWS\SYSTEM32\windows.storage.dll
0x00007fffb36c0000 - 0x00007fffb3a14000 	C:\WINDOWS\System32\combase.dll
0x00007fffb12e0000 - 0x00007fffb130c000 	C:\WINDOWS\SYSTEM32\Wldp.dll
0x00007fffb34f0000 - 0x00007fffb359d000 	C:\WINDOWS\System32\SHCORE.dll
0x00007fffb24f0000 - 0x00007fffb2545000 	C:\WINDOWS\System32\shlwapi.dll
0x00007fffb17c0000 - 0x00007fffb17df000 	C:\WINDOWS\SYSTEM32\profapi.dll
0x00007fffa4810000 - 0x00007fffa4829000 	C:\Users\marco\.jdks\openjdk-17.0.2\bin\net.dll
0x00007fffa8010000 - 0x00007fffa811a000 	C:\WINDOWS\SYSTEM32\WINHTTP.dll
0x00007fffb1040000 - 0x00007fffb10aa000 	C:\WINDOWS\system32\mswsock.dll
0x00007fffa46f0000 - 0x00007fffa4706000 	C:\Users\marco\.jdks\openjdk-17.0.2\bin\nio.dll
0x00007fffa3ac0000 - 0x00007fffa3ad8000 	C:\Users\marco\.jdks\openjdk-17.0.2\bin\zip.dll
0x00007fffa3710000 - 0x00007fffa372a000 	D:\IntelliJ IDEA 2021.1.1\bin\breakgen64.dll
0x000001f82a580000 - 0x000001f82a583000 	C:\Users\marco\.openjfx\cache\13\api-ms-win-core-console-l1-1-0.dll
0x000001f82a590000 - 0x000001f82a593000 	C:\Users\marco\.openjfx\cache\13\api-ms-win-core-datetime-l1-1-0.dll
0x000001f84d2f0000 - 0x000001f84d2f3000 	C:\Users\marco\.openjfx\cache\13\api-ms-win-core-debug-l1-1-0.dll
0x000001f84d300000 - 0x000001f84d303000 	C:\Users\marco\.openjfx\cache\13\api-ms-win-core-errorhandling-l1-1-0.dll
0x000001f84d310000 - 0x000001f84d314000 	C:\Users\marco\.openjfx\cache\13\api-ms-win-core-file-l1-1-0.dll
0x000001f84d320000 - 0x000001f84d323000 	C:\Users\marco\.openjfx\cache\13\api-ms-win-core-file-l1-2-0.dll
0x000001f84d330000 - 0x000001f84d333000 	C:\Users\marco\.openjfx\cache\13\api-ms-win-core-file-l2-1-0.dll
0x000001f84d340000 - 0x000001f84d343000 	C:\Users\marco\.openjfx\cache\13\api-ms-win-core-handle-l1-1-0.dll
0x000001f84d350000 - 0x000001f84d353000 	C:\Users\marco\.openjfx\cache\13\api-ms-win-core-heap-l1-1-0.dll
0x000001f84d360000 - 0x000001f84d363000 	C:\Users\marco\.openjfx\cache\13\api-ms-win-core-interlocked-l1-1-0.dll
0x000001f84d370000 - 0x000001f84d373000 	C:\Users\marco\.openjfx\cache\13\api-ms-win-core-libraryloader-l1-1-0.dll
0x000001f84d380000 - 0x000001f84d383000 	C:\Users\marco\.openjfx\cache\13\api-ms-win-core-localization-l1-2-0.dll
0x000001f84d390000 - 0x000001f84d393000 	C:\Users\marco\.openjfx\cache\13\api-ms-win-core-memory-l1-1-0.dll
0x000001f84d3a0000 - 0x000001f84d3a3000 	C:\Users\marco\.openjfx\cache\13\api-ms-win-core-namedpipe-l1-1-0.dll
0x000001f84d3b0000 - 0x000001f84d3b3000 	C:\Users\marco\.openjfx\cache\13\api-ms-win-core-processenvironment-l1-1-0.dll
0x000001f84d3c0000 - 0x000001f84d3c3000 	C:\Users\marco\.openjfx\cache\13\api-ms-win-core-processthreads-l1-1-0.dll
0x000001f84d3d0000 - 0x000001f84d3d3000 	C:\Users\marco\.openjfx\cache\13\api-ms-win-core-processthreads-l1-1-1.dll
0x000001f84d3e0000 - 0x000001f84d3e3000 	C:\Users\marco\.openjfx\cache\13\api-ms-win-core-profile-l1-1-0.dll
0x000001f84d3f0000 - 0x000001f84d3f3000 	C:\Users\marco\.openjfx\cache\13\api-ms-win-core-rtlsupport-l1-1-0.dll
0x000001f84e800000 - 0x000001f84e803000 	C:\Users\marco\.openjfx\cache\13\api-ms-win-core-string-l1-1-0.dll
0x000001f84e810000 - 0x000001f84e813000 	C:\Users\marco\.openjfx\cache\13\api-ms-win-core-synch-l1-1-0.dll
0x000001f84e820000 - 0x000001f84e823000 	C:\Users\marco\.openjfx\cache\13\api-ms-win-core-synch-l1-2-0.dll
0x000001f84e830000 - 0x000001f84e833000 	C:\Users\marco\.openjfx\cache\13\api-ms-win-core-sysinfo-l1-1-0.dll
0x000001f84e840000 - 0x000001f84e843000 	C:\Users\marco\.openjfx\cache\13\api-ms-win-core-timezone-l1-1-0.dll
0x000001f84e850000 - 0x000001f84e853000 	C:\Users\marco\.openjfx\cache\13\api-ms-win-core-util-l1-1-0.dll
0x000001f84e860000 - 0x000001f84e863000 	C:\Users\marco\.openjfx\cache\13\api-ms-win-crt-conio-l1-1-0.dll
0x000001f84e870000 - 0x000001f84e874000 	C:\Users\marco\.openjfx\cache\13\api-ms-win-crt-convert-l1-1-0.dll
0x000001f84e880000 - 0x000001f84e883000 	C:\Users\marco\.openjfx\cache\13\api-ms-win-crt-environment-l1-1-0.dll
0x000001f84e890000 - 0x000001f84e893000 	C:\Users\marco\.openjfx\cache\13\api-ms-win-crt-filesystem-l1-1-0.dll
0x000001f84e8a0000 - 0x000001f84e8a3000 	C:\Users\marco\.openjfx\cache\13\api-ms-win-crt-heap-l1-1-0.dll
0x000001f84e8b0000 - 0x000001f84e8b3000 	C:\Users\marco\.openjfx\cache\13\api-ms-win-crt-locale-l1-1-0.dll
0x000001f84e8c0000 - 0x000001f84e8c5000 	C:\Users\marco\.openjfx\cache\13\api-ms-win-crt-math-l1-1-0.dll
0x000001f84e8d0000 - 0x000001f84e8d5000 	C:\Users\marco\.openjfx\cache\13\api-ms-win-crt-multibyte-l1-1-0.dll
0x000001f84e8e0000 - 0x000001f84e8f0000 	C:\Users\marco\.openjfx\cache\13\api-ms-win-crt-private-l1-1-0.dll
0x000001f84e8f0000 - 0x000001f84e8f3000 	C:\Users\marco\.openjfx\cache\13\api-ms-win-crt-process-l1-1-0.dll
0x000001f84e900000 - 0x000001f84e904000 	C:\Users\marco\.openjfx\cache\13\api-ms-win-crt-runtime-l1-1-0.dll
0x000001f84e910000 - 0x000001f84e914000 	C:\Users\marco\.openjfx\cache\13\api-ms-win-crt-stdio-l1-1-0.dll
0x000001f84e920000 - 0x000001f84e924000 	C:\Users\marco\.openjfx\cache\13\api-ms-win-crt-string-l1-1-0.dll
0x000001f84e930000 - 0x000001f84e933000 	C:\Users\marco\.openjfx\cache\13\api-ms-win-crt-time-l1-1-0.dll
0x000001f84e940000 - 0x000001f84e943000 	C:\Users\marco\.openjfx\cache\13\api-ms-win-crt-utility-l1-1-0.dll
0x00007fff7a430000 - 0x00007fff7a52c000 	C:\Users\marco\.openjfx\cache\13\ucrtbase.dll
0x00007fffa35d0000 - 0x00007fffa35e5000 	C:\Users\marco\.openjfx\cache\13\vcruntime140.dll
0x00007fff826e0000 - 0x00007fff8277b000 	C:\Users\marco\.openjfx\cache\13\msvcp140.dll
0x00007fff89810000 - 0x00007fff89861000 	C:\Users\marco\.openjfx\cache\13\concrt140.dll
0x00007fff991a0000 - 0x00007fff991c3000 	C:\Users\marco\.openjfx\cache\13\prism_d3d.dll
0x00007fff87890000 - 0x00007fff87a5f000 	C:\WINDOWS\system32\d3d9.dll
0x00007fffaf020000 - 0x00007fffaf04f000 	C:\WINDOWS\SYSTEM32\dwmapi.dll
0x00007fffaee10000 - 0x00007fffaeeae000 	C:\WINDOWS\system32\uxtheme.dll
0x00007fff74350000 - 0x00007fff74527000 	C:\WINDOWS\System32\DriverStore\FileRepository\ki126950.inf_amd64_fa7f56314967630d\igdumdim64.dll
0x00007fff479a0000 - 0x00007fff4a99d000 	C:\WINDOWS\System32\DriverStore\FileRepository\ki126950.inf_amd64_fa7f56314967630d\igd9dxva64.dll
0x00007fffb21c0000 - 0x00007fffb22ea000 	C:\WINDOWS\System32\ole32.dll
0x00007fffb22f0000 - 0x00007fffb23bd000 	C:\WINDOWS\System32\OLEAUT32.dll
0x00007fff8a940000 - 0x00007fff8a985000 	C:\Users\marco\.openjfx\cache\13\glass.dll
0x00007fffb3b90000 - 0x00007fffb3c6b000 	C:\WINDOWS\System32\COMDLG32.dll
0x00007fffb33b0000 - 0x00007fffb34c5000 	C:\WINDOWS\System32\MSCTF.dll
0x00007fff9c300000 - 0x00007fff9e095000 	C:\WINDOWS\System32\DriverStore\FileRepository\ki126950.inf_amd64_fa7f56314967630d\igc64.dll
0x00007fff9bf40000 - 0x00007fff9bf7b000 	C:\WINDOWS\SYSTEM32\dxcore.dll
0x00007fffb1bf0000 - 0x00007fffb1c3e000 	C:\WINDOWS\System32\cfgmgr32.dll
0x00007fffab870000 - 0x00007fffab880000 	C:\Users\marco\.jdks\openjdk-17.0.2\bin\verify.dll
0x00007fffa0f50000 - 0x00007fffa0f64000 	C:\Users\marco\.openjfx\cache\13\javafx_font.dll
0x00007fff9e670000 - 0x00007fff9e8ef000 	C:\WINDOWS\SYSTEM32\dwrite.dll
0x00007fffb3610000 - 0x00007fffb36b9000 	C:\WINDOWS\System32\clbcatq.dll
0x00007fff9c140000 - 0x00007fff9c2f4000 	C:\WINDOWS\SYSTEM32\WindowsCodecs.dll
0x00007fffb1d80000 - 0x00007fffb1da7000 	C:\WINDOWS\System32\bcrypt.dll
0x00007fffa6bd0000 - 0x00007fffa6c0e000 	C:\WINDOWS\system32\dataexchange.dll
0x00007fffad360000 - 0x00007fffad5c4000 	C:\WINDOWS\system32\d3d11.dll
0x00007fffae160000 - 0x00007fffae345000 	C:\WINDOWS\system32\dcomp.dll
0x00007fffb0100000 - 0x00007fffb01f3000 	C:\WINDOWS\system32\dxgi.dll
0x00007fffab900000 - 0x00007fffabb01000 	C:\WINDOWS\system32\twinapi.appcore.dll
0x00007fff92a80000 - 0x00007fff92ab4000 	C:\Program Files\Common Files\Microsoft Shared\Ink\rtscom.dll
0x00007fffa3070000 - 0x00007fffa3169000 	C:\WINDOWS\SYSTEM32\textinputframework.dll
0x00007fffae6d0000 - 0x00007fffaea2e000 	C:\WINDOWS\System32\CoreUIComponents.dll
0x00007fffaea30000 - 0x00007fffaeb22000 	C:\WINDOWS\System32\CoreMessaging.dll
0x00007fffb0640000 - 0x00007fffb0673000 	C:\WINDOWS\SYSTEM32\ntmarta.dll
0x00007fffadff0000 - 0x00007fffae144000 	C:\WINDOWS\SYSTEM32\wintypes.dll
0x00007fffb1230000 - 0x00007fffb1248000 	C:\WINDOWS\SYSTEM32\CRYPTSP.dll
0x00007fffb0920000 - 0x00007fffb0954000 	C:\WINDOWS\system32\rsaenh.dll
0x00007fffb1740000 - 0x00007fffb176e000 	C:\WINDOWS\SYSTEM32\USERENV.dll
0x00007fffb1250000 - 0x00007fffb125c000 	C:\WINDOWS\SYSTEM32\CRYPTBASE.dll
0x00007fffb0ce0000 - 0x00007fffb0d1b000 	C:\WINDOWS\SYSTEM32\IPHLPAPI.DLL
0x00007fffb3b80000 - 0x00007fffb3b88000 	C:\WINDOWS\System32\NSI.dll

dbghelp: loaded successfully - version: 4.0.5 - missing functions: none
symbol engine: initialized successfully - sym options: 0x614 - pdb path: .;C:\Users\marco\.jdks\openjdk-17.0.2\bin;C:\WINDOWS\SYSTEM32;C:\WINDOWS\WinSxS\amd64_microsoft.windows.common-controls_6595b64144ccf1df_6.0.19041.1110_none_60b5254171f9507e;C:\Users\marco\.jdks\openjdk-17.0.2\bin\server;D:\IntelliJ IDEA 2021.1.1\bin;C:\Users\marco\.openjfx\cache\13;C:\WINDOWS\System32\DriverStore\FileRepository\ki126950.inf_amd64_fa7f56314967630d;C:\Program Files\Common Files\Microsoft Shared\Ink

VM Arguments:
jvm_args: -javaagent:D:\IntelliJ IDEA 2021.1.1\lib\idea_rt.jar=50692:D:\IntelliJ IDEA 2021.1.1\bin -Dfile.encoding=UTF-8 --module-path=D:\FantaBookApp\target\classes;C:\Users\marco\.m2\repository\org\openjfx\javafx-controls\13\javafx-controls-13.jar;C:\Users\marco\.m2\repository\org\openjfx\javafx-controls\13\javafx-controls-13-win.jar;C:\Users\marco\.m2\repository\org\openjfx\javafx-graphics\13\javafx-graphics-13.jar;C:\Users\marco\.m2\repository\org\openjfx\javafx-graphics\13\javafx-graphics-13-win.jar;C:\Users\marco\.m2\repository\org\openjfx\javafx-base\13\javafx-base-13.jar;C:\Users\marco\.m2\repository\org\openjfx\javafx-base\13\javafx-base-13-win.jar;C:\Users\marco\.m2\repository\org\openjfx\javafx-fxml\13\javafx-fxml-13.jar;C:\Users\marco\.m2\repository\org\openjfx\javafx-fxml\13\javafx-fxml-13-win.jar;C:\Users\marco\.m2\repository\org\mongodb\mongodb-driver-sync\3.12.0\mongodb-driver-sync-3.12.0.jar;C:\Users\marco\.m2\repository\org\mongodb\bson\3.12.0\bson-3.12.0.jar;C:\Users\marco\.m2\repository\org\mongodb\mongodb-driver-core\3.12.0\mongodb-driver-core-3.12.0.jar;C:\Users\marco\.m2\repository\org\neo4j\driver\neo4j-java-driver\4.1.1\neo4j-java-driver-4.1.1.jar;C:\Users\marco\.m2\repository\org\reactivestreams\reactive-streams\1.0.3\reactive-streams-1.0.3.jar;C:\Users\marco\.m2\repository\log4j\log4j\1.2.17\log4j-1.2.17.jar;C:\Users\marco\.m2\repository\org\json\json\20201115\json-20201115.jar;C:\Users\marco\.m2\repository\org\jsoup\jsoup\1.11.3\jsoup-1.11.3.jar;C:\Users\marco\.m2\repository\com\google\collections\google-collections\1.0\google-collections-1.0.jar -Djdk.module.main=it.unipi.dii.inginf.lsmdb.fantabookapp.gui 
java_command: it.unipi.dii.inginf.lsmdb.fantabookapp.gui/it.unipi.dii.inginf.lsmdb.fantabookapp.frontend.gui.App
java_class_path (initial): <not set>
Launcher Type: SUN_STANDARD

[Global flags]
     intx CICompilerCount                          = 4                                         {product} {ergonomic}
     uint ConcGCThreads                            = 2                                         {product} {ergonomic}
     uint G1ConcRefinementThreads                  = 8                                         {product} {ergonomic}
   size_t G1HeapRegionSize                         = 2097152                                   {product} {ergonomic}
    uintx GCDrainStackTargetSize                   = 64                                        {product} {ergonomic}
   size_t InitialHeapSize                          = 268435456                                 {product} {ergonomic}
   size_t MarkStackSize                            = 4194304                                   {product} {ergonomic}
   size_t MaxHeapSize                              = 4265607168                                {product} {ergonomic}
   size_t MaxNewSize                               = 2558525440                                {product} {ergonomic}
   size_t MinHeapDeltaBytes                        = 2097152                                   {product} {ergonomic}
   size_t MinHeapSize                              = 8388608                                   {product} {ergonomic}
    uintx NonNMethodCodeHeapSize                   = 5839372                                {pd product} {ergonomic}
    uintx NonProfiledCodeHeapSize                  = 122909434                              {pd product} {ergonomic}
    uintx ProfiledCodeHeapSize                     = 122909434                              {pd product} {ergonomic}
    uintx ReservedCodeCacheSize                    = 251658240                              {pd product} {ergonomic}
     bool SegmentedCodeCache                       = true                                      {product} {ergonomic}
   size_t SoftMaxHeapSize                          = 4265607168                             {manageable} {ergonomic}
     bool UseCompressedClassPointers               = true                           {product lp64_product} {ergonomic}
     bool UseCompressedOops                        = true                           {product lp64_product} {ergonomic}
     bool UseG1GC                                  = true                                      {product} {ergonomic}
     bool UseLargePagesIndividualAllocation        = false                                  {pd product} {ergonomic}

Logging:
Log output configuration:
 #0: stdout all=warning uptime,level,tags
 #1: stderr all=off uptime,level,tags

Environment Variables:
JAVA_HOME=C:\Program Files\Java\jdk-18.0.1
PATH=C:\Program Files\Common Files\Oracle\Java\javapath;C:\Program Files (x86)\Intel\iCLS Client\;C:\Program Files\Intel\iCLS Client\;C:\windows\system32;C:\windows;C:\windows\System32\Wbem;C:\windows\System32\WindowsPowerShell\v1.0\;C:\Program Files (x86)\Intel\Intel(R) Management Engine Components\DAL;C:\Program Files\Intel\Intel(R) Management Engine Components\DAL;C:\Program Files (x86)\Intel\Intel(R) Management Engine Components\IPT;C:\Program Files\Intel\Intel(R) Management Engine Components\IPT;C:\Program Files (x86)\NVIDIA Corporation\PhysX\Common;C:\WINDOWS\system32;C:\WINDOWS;C:\WINDOWS\System32\Wbem;C:\WINDOWS\System32\WindowsPowerShell\v1.0\;C:\WINDOWS\System32\OpenSSH\;C:\Program Files\Java\jdk-18.0.1\bin;C:\Users\marco\AppData\Local\Microsoft\WindowsApps;;C:\Users\marco\AppData\Local\Programs\Microsoft VS Code\bin
USERNAME=marco
OS=Windows_NT
PROCESSOR_IDENTIFIER=Intel64 Family 6 Model 158 Stepping 9, GenuineIntel



---------------  S Y S T E M  ---------------

OS:
 Windows 10 , 64 bit Build 19041 (10.0.19041.1706)
OS uptime: 13 days 21:05 hours
Hyper-V role detected

CPU: total 8 (initial active 8) (4 cores per cpu, 2 threads per core) family 6 model 158 stepping 9 microcode 0xb4, cx8, cmov, fxsr, ht, mmx, 3dnowpref, sse, sse2, sse3, ssse3, sse4.1, sse4.2, popcnt, lzcnt, tsc, tscinvbit, avx, avx2, aes, erms, clmul, bmi1, bmi2, adx, fma, vzeroupper, clflush, clflushopt, hv

Memory: 4k page, system-wide physical 16269M (2956M free)
TotalPageFile size 31374M (AvailPageFile size 92M)
current process WorkingSet (physical memory assigned to process): 216M, peak: 231M
current process commit charge ("private bytes"): 462M, peak: 479M

vm_info: OpenJDK 64-Bit Server VM (17.0.2+8-86) for windows-amd64 JRE (17.0.2+8-86), built on Dec  7 2021 21:49:10 by "mach5one" with MS VC++ 16.8 / 16.9 (VS2019)

END.
